<?xml version="1.0" encoding="utf-8"?><testsuites><testsuite name="pytest" errors="0" failures="0" skipped="3" tests="110" time="114.346" timestamp="2026-02-13T16:12:06.975749" hostname="MacMiniM4"><testcase classname="" name="backend.test_magazine_fix" time="0.000"><skipped message="collection skipped">('/Users/patrickostertag/Documents/DataForIA/AIME - AI Music Enabler/backend/test_magazine_fix.py', 12, 'Skipped: Debug magazine fix helper')</skipped></testcase><testcase classname="" name="backend.test_metadata_debug" time="0.000"><skipped message="collection skipped">('/Users/patrickostertag/Documents/DataForIA/AIME - AI Music Enabler/backend/test_metadata_debug.py', 7, 'Skipped: Debug utility; exclude from automated test runs')</skipped></testcase><testcase classname="" name="backend.tests.e2e.test_workflows" time="0.000"><skipped message="collection skipped">('/Users/patrickostertag/Documents/DataForIA/AIME - AI Music Enabler/backend/tests/e2e/test_workflows.py', 9, 'Skipped: E2E workflows rely on full services; skipping in CI')</skipped></testcase><testcase classname="backend.test_auto_restart" name="test_auto_restart" time="0.016" /><testcase classname="backend.test_export_fix" name="test_json_export" time="0.019" /><testcase classname="backend.test_export_fix" name="test_markdown_export" time="0.009" /><testcase classname="backend.test_integration_post_wake.TestWakeUpRecoveryWithTimeouts" name="test_service_restoration_with_timeout" time="10.006" /><testcase classname="backend.test_integration_post_wake.TestWakeUpRecoveryWithTimeouts" name="test_multiple_services_with_mixed_timeouts" time="15.007" /><testcase classname="backend.test_integration_post_wake.TestWakeUpRecoveryWithTimeouts" name="test_app_startup_not_blocked_by_slow_services" time="10.107" /><testcase classname="backend.test_integration_post_wake.TestManualServiceStartWithTimeouts" name="test_manual_tracker_start_with_timeout" time="10.004" /><testcase classname="backend.test_integration_post_wake.TestManualServiceStartWithTimeouts" name="test_quick_service_start_succeeds" time="0.002" /><testcase classname="backend.test_integration_post_wake.TestTimeoutConfiguration" name="test_tracker_timeout_is_10_seconds" time="0.000" /><testcase classname="backend.test_integration_post_wake.TestTimeoutConfiguration" name="test_scheduler_timeout_is_15_seconds" time="0.000" /><testcase classname="backend.test_integration_post_wake.TestTimeoutConfiguration" name="test_timeouts_are_staggered" time="0.000" /><testcase classname="backend.test_integration_post_wake.TestErrorHandlingWithTimeouts" name="test_timeout_error_is_logged" time="10.007" /><testcase classname="backend.test_integration_post_wake.TestErrorHandlingWithTimeouts" name="test_timeout_doesnt_propagate_exception" time="10.013" /><testcase classname="backend.test_markdown_export" name="test_markdown_export" time="0.041" /><testcase classname="backend.tests.integration.test_external_apis.TestSpotifyServiceIntegration" name="test_search_artist_image" time="0.001" /><testcase classname="backend.tests.integration.test_external_apis.TestSpotifyServiceIntegration" name="test_search_album_image" time="0.001" /><testcase classname="backend.tests.integration.test_external_apis.TestSpotifyServiceIntegration" name="test_search_album_url" time="0.001" /><testcase classname="backend.tests.integration.test_external_apis.TestAIServiceIntegration" name="test_ask_for_ia" time="0.001" /><testcase classname="backend.tests.integration.test_external_apis.TestAIServiceIntegration" name="test_generate_haiku" time="0.001" /><testcase classname="backend.tests.integration.test_external_apis.TestAIServiceIntegration" name="test_generate_album_description" time="0.001" /><testcase classname="backend.tests.integration.test_external_apis.TestDiscogsServiceIntegration" name="test_search_album" time="0.000" /><testcase classname="backend.tests.integration.test_external_apis.TestDiscogsServiceIntegration" name="test_get_album_details" time="0.000" /><testcase classname="backend.tests.integration.test_external_apis.TestAPIErrorHandling" name="test_spotify_timeout" time="0.001" /><testcase classname="backend.tests.integration.test_external_apis.TestAPIErrorHandling" name="test_ai_service_failure" time="0.001" /><testcase classname="backend.tests.integration.test_external_apis.TestAPIErrorHandling" name="test_discogs_rate_limit" time="0.000" /><testcase classname="backend.tests.integration.test_external_apis.TestAPIFallbacks" name="test_spotify_fallback_to_lastfm" time="0.000" /><testcase classname="backend.tests.integration.test_external_apis.TestAPIFallbacks" name="test_default_image_on_api_failure" time="0.000" /><testcase classname="backend.tests.unit.test_album_service.TestAlbumServiceList" name="test_list_albums_empty" time="0.008" /><testcase classname="backend.tests.unit.test_album_service.TestAlbumServiceList" name="test_list_albums_pagination" time="0.005" /><testcase classname="backend.tests.unit.test_album_service.TestAlbumServiceList" name="test_list_albums_search" time="0.004" /><testcase classname="backend.tests.unit.test_album_service.TestAlbumServiceList" name="test_list_albums_filter_by_year" time="0.003" /><testcase classname="backend.tests.unit.test_album_service.TestAlbumServiceList" name="test_list_albums_filter_by_support" time="0.002" /><testcase classname="backend.tests.unit.test_album_service.TestAlbumServiceList" name="test_list_albums_filter_by_source" time="0.002" /><testcase classname="backend.tests.unit.test_album_service.TestAlbumServiceGetDetail" name="test_get_album_success" time="0.004" /><testcase classname="backend.tests.unit.test_album_service.TestAlbumServiceGetDetail" name="test_get_album_not_found" time="0.000" /><testcase classname="backend.tests.unit.test_album_service.TestAlbumServiceGetDetail" name="test_get_album_with_metadata" time="0.003" /><testcase classname="backend.tests.unit.test_album_service.TestAlbumServiceCreate" name="test_create_album_with_artist" time="0.002" /><testcase classname="backend.tests.unit.test_album_service.TestAlbumServiceCreate" name="test_create_album_with_multiple_artists" time="0.003" /><testcase classname="backend.tests.unit.test_album_service.TestAlbumServiceCreate" name="test_create_album_without_metadata_fails" time="0.001" /><testcase classname="backend.tests.unit.test_album_service.TestAlbumServiceUpdate" name="test_update_album_success" time="0.002" /><testcase classname="backend.tests.unit.test_album_service.TestAlbumServiceUpdate" name="test_update_album_partial" time="0.002" /><testcase classname="backend.tests.unit.test_album_service.TestAlbumServiceDelete" name="test_delete_album_success" time="0.003" /><testcase classname="backend.tests.unit.test_album_service.TestAlbumServiceDelete" name="test_delete_album_not_found" time="0.000" /><testcase classname="backend.tests.unit.test_album_service.TestAlbumServiceBulkOperations" name="test_bulk_update_albums" time="0.001" /><testcase classname="backend.tests.unit.test_album_service.TestAlbumServiceBulkOperations" name="test_bulk_delete_albums" time="0.002" /><testcase classname="backend.tests.unit.test_collection_endpoints.TestAlbumEndpoints" name="test_list_albums_endpoint" time="0.006" /><testcase classname="backend.tests.unit.test_collection_endpoints.TestAlbumEndpoints" name="test_get_album_detail" time="0.004" /><testcase classname="backend.tests.unit.test_collection_endpoints.TestAlbumEndpoints" name="test_create_album" time="0.003" /><testcase classname="backend.tests.unit.test_collection_endpoints.TestAlbumEndpoints" name="test_update_album" time="0.004" /><testcase classname="backend.tests.unit.test_collection_endpoints.TestAlbumEndpoints" name="test_delete_album" time="0.004" /><testcase classname="backend.tests.unit.test_collection_endpoints.TestAlbumEndpoints" name="test_search_albums" time="0.003" /><testcase classname="backend.tests.unit.test_collection_endpoints.TestAlbumEndpoints" name="test_filter_albums_by_year" time="0.003" /><testcase classname="backend.tests.unit.test_collection_endpoints.TestArtistEndpoints" name="test_list_artists" time="0.004" /><testcase classname="backend.tests.unit.test_collection_endpoints.TestArtistEndpoints" name="test_get_artist_detail" time="0.002" /><testcase classname="backend.tests.unit.test_collection_endpoints.TestArtistEndpoints" name="test_generate_artist_article" time="15.227" /><testcase classname="backend.tests.unit.test_collection_endpoints.TestCollectionSearch" name="test_search_collection_by_title" time="0.013" /><testcase classname="backend.tests.unit.test_collection_endpoints.TestCollectionSearch" name="test_search_collection_by_artist" time="0.008" /><testcase classname="backend.tests.unit.test_coverage_expansion.TestAlbumServiceAdvanced" name="test_list_albums_with_multiple_filters" time="0.006" /><testcase classname="backend.tests.unit.test_coverage_expansion.TestAlbumServiceAdvanced" name="test_get_album_with_all_metadata" time="0.003" /><testcase classname="backend.tests.unit.test_coverage_expansion.TestAlbumServiceAdvanced" name="test_search_albums_case_insensitive" time="0.004" /><testcase classname="backend.tests.unit.test_coverage_expansion.TestAlbumServiceAdvanced" name="test_list_albums_pagination_consistency" time="0.003" /><testcase classname="backend.tests.unit.test_coverage_expansion.TestAlbumServiceAdvanced" name="test_format_album_list_with_missing_relations" time="0.002" /><testcase classname="backend.tests.unit.test_coverage_expansion.TestArtistServiceCoverage" name="test_list_artists_basic" time="0.002" /><testcase classname="backend.tests.unit.test_coverage_expansion.TestArtistServiceCoverage" name="test_get_artist_with_albums" time="0.002" /><testcase classname="backend.tests.unit.test_coverage_expansion.TestArtistServiceCoverage" name="test_get_artist_image" time="0.001" /><testcase classname="backend.tests.unit.test_coverage_expansion.TestSpotifyServiceAdvanced" name="test_get_access_token_caching" time="0.001" /><testcase classname="backend.tests.unit.test_coverage_expansion.TestSpotifyServiceAdvanced" name="test_search_album_details_with_remaster" time="0.001" /><testcase classname="backend.tests.unit.test_coverage_expansion.TestSpotifyServiceAdvanced" name="test_search_album_fallback_strategy" time="0.001" /><testcase classname="backend.tests.unit.test_coverage_expansion.TestAIServiceAdvanced" name="test_ask_for_ia_retry_on_failure" time="0.001" /><testcase classname="backend.tests.unit.test_coverage_expansion.TestAIServiceAdvanced" name="test_ask_for_ia_stream_formatting" time="0.001" /><testcase classname="backend.tests.unit.test_coverage_expansion.TestAIServiceAdvanced" name="test_generate_haiku_format_validation" time="0.001" /><testcase classname="backend.tests.unit.test_coverage_expansion.TestAIServiceAdvanced" name="test_generate_album_description_length" time="0.001" /><testcase classname="backend.tests.unit.test_coverage_expansion.TestPlaylistOperations" name="test_create_playlist" time="0.004" /><testcase classname="backend.tests.unit.test_coverage_expansion.TestPlaylistOperations" name="test_add_tracks_to_playlist" time="0.014" /><testcase classname="backend.tests.unit.test_coverage_expansion.TestListeningHistory" name="test_create_listening_entry" time="0.002" /><testcase classname="backend.tests.unit.test_coverage_expansion.TestListeningHistory" name="test_listening_history_timeframe" time="0.002" /><testcase classname="backend.tests.unit.test_coverage_expansion.TestDatabaseConstraints" name="test_album_year_bounds" time="0.001" /><testcase classname="backend.tests.unit.test_coverage_expansion.TestDatabaseConstraints" name="test_track_duration_non_negative" time="0.001" /><testcase classname="backend.tests.unit.test_coverage_expansion.TestTimestampHandling" name="test_album_timestamps" time="0.001" /><testcase classname="backend.tests.unit.test_coverage_expansion.TestTimestampHandling" name="test_metadata_timestamps" time="0.002" /><testcase classname="backend.tests.unit.test_error_cases.TestAlbumServiceEdgeCases" name="test_list_albums_very_large_page_number" time="0.001" /><testcase classname="backend.tests.unit.test_error_cases.TestAlbumServiceEdgeCases" name="test_list_albums_zero_page_size" time="0.001" /><testcase classname="backend.tests.unit.test_error_cases.TestAlbumServiceEdgeCases" name="test_list_albums_negative_year" time="0.002" /><testcase classname="backend.tests.unit.test_error_cases.TestAlbumServiceEdgeCases" name="test_create_album_empty_title" time="0.002" /><testcase classname="backend.tests.unit.test_error_cases.TestAlbumServiceEdgeCases" name="test_create_album_very_long_title" time="0.001" /><testcase classname="backend.tests.unit.test_error_cases.TestAlbumServiceEdgeCases" name="test_create_album_special_characters_title" time="0.001" /><testcase classname="backend.tests.unit.test_error_cases.TestAlbumServiceEdgeCases" name="test_update_album_null_fields" time="0.002" /><testcase classname="backend.tests.unit.test_error_cases.TestAlbumServiceEdgeCases" name="test_update_nonexistent_album" time="0.000" /><testcase classname="backend.tests.unit.test_error_cases.TestAlbumServiceEdgeCases" name="test_delete_already_deleted_album" time="0.002" /><testcase classname="backend.tests.unit.test_error_cases.TestAlbumServiceEdgeCases" name="test_create_album_duplicate_discogs_id" time="0.001" /><testcase classname="backend.tests.unit.test_error_cases.TestSpotifyServiceErrorCases" name="test_search_artist_empty_name" time="0.001" /><testcase classname="backend.tests.unit.test_error_cases.TestSpotifyServiceErrorCases" name="test_search_artist_very_long_name" time="0.001" /><testcase classname="backend.tests.unit.test_error_cases.TestSpotifyServiceErrorCases" name="test_search_artist_special_characters" time="0.000" /><testcase classname="backend.tests.unit.test_error_cases.TestSpotifyServiceErrorCases" name="test_search_album_auth_failure" time="0.001" /><testcase classname="backend.tests.unit.test_error_cases.TestSpotifyServiceErrorCases" name="test_search_album_timeout" time="0.000" /><testcase classname="backend.tests.unit.test_error_cases.TestSpotifyServiceErrorCases" name="test_search_album_connection_error" time="0.000" /><testcase classname="backend.tests.unit.test_error_cases.TestAIServiceErrorCases" name="test_ask_for_ia_empty_prompt" time="0.001" /><testcase classname="backend.tests.unit.test_error_cases.TestAIServiceErrorCases" name="test_ask_for_ia_very_long_prompt" time="0.000" /><testcase classname="backend.tests.unit.test_error_cases.TestAIServiceErrorCases" name="test_ask_for_ia_zero_max_tokens" time="0.000" /><testcase classname="backend.tests.unit.test_error_cases.TestAIServiceErrorCases" name="test_ask_for_ia_negative_max_tokens" time="0.000" /><testcase classname="backend.tests.unit.test_error_cases.TestAIServiceErrorCases" name="test_ask_for_ia_circuit_breaker_open" time="0.000" /><testcase classname="backend.tests.unit.test_error_cases.TestAIServiceErrorCases" name="test_generate_haiku_missing_fields" time="0.000" /><testcase classname="backend.tests.unit.test_error_cases.TestInputValidationAndSanitization" name="test_sql_injection_attempt_in_search" time="0.001" /><testcase classname="backend.tests.unit.test_error_cases.TestInputValidationAndSanitization" name="test_xss_attempt_in_album_title" time="0.001" /><testcase classname="backend.tests.unit.test_error_cases.TestInputValidationAndSanitization" name="test_null_character_in_input" time="0.001" /><testcase classname="backend.tests.unit.test_error_cases.TestConcurrencyIssues" name="test_concurrent_album_creation" time="0.002" /><testcase classname="backend.tests.unit.test_error_cases.TestConcurrencyIssues" name="test_update_deleted_album_race_condition" time="0.003" /></testsuite></testsuites>